<?xml version="1.0" encoding="utf-8"?><testsuites name="pytest tests"><testsuite name="pytest" errors="0" failures="0" skipped="0" tests="25" time="6.064" timestamp="2026-04-05T22:13:35.353382+00:00" hostname="agent-env-e33290a5-a101-443d-b9dc-82537c34dae5"><testcase classname="backend.tests.test_notifications_pricing.TestAPIHealth" name="test_api_root" time="0.259" /><testcase classname="backend.tests.test_notifications_pricing.TestAuthentication" name="test_admin_login" time="0.368" /><testcase classname="backend.tests.test_notifications_pricing.TestAuthentication" name="test_invalid_login" time="0.143" /><testcase classname="backend.tests.test_notifications_pricing.TestNearbyPricesAPI" name="test_get_nearby_prices_valid_land" time="0.216" /><testcase classname="backend.tests.test_notifications_pricing.TestNearbyPricesAPI" name="test_get_nearby_prices_with_radius" time="0.281" /><testcase classname="backend.tests.test_notifications_pricing.TestNearbyPricesAPI" name="test_get_nearby_prices_invalid_land" time="0.108" /><testcase classname="backend.tests.test_notifications_pricing.TestMarketAnalysisAPI" name="test_get_market_analysis_default" time="0.108" /><testcase classname="backend.tests.test_notifications_pricing.TestMarketAnalysisAPI" name="test_get_market_analysis_with_region_filter" time="0.105" /><testcase classname="backend.tests.test_notifications_pricing.TestMarketAnalysisAPI" name="test_get_market_analysis_with_commune_filter" time="0.141" /><testcase classname="backend.tests.test_notifications_pricing.TestMarketAnalysisAPI" name="test_get_market_analysis_with_land_type_filter" time="0.101" /><testcase classname="backend.tests.test_notifications_pricing.TestMarketAnalysisAPI" name="test_get_market_analysis_with_months_filter" time="0.120" /><testcase classname="backend.tests.test_notifications_pricing.TestNotificationsAPI" name="test_notification_status_requires_auth" time="0.125" /><testcase classname="backend.tests.test_notifications_pricing.TestNotificationsAPI" name="test_notification_status_authenticated" time="0.438" /><testcase classname="backend.tests.test_notifications_pricing.TestNotificationsAPI" name="test_notification_subscribe" time="0.476" /><testcase classname="backend.tests.test_notifications_pricing.TestNotificationsAPI" name="test_notification_history" time="0.475" /><testcase classname="backend.tests.test_notifications_pricing.TestNotificationsAPI" name="test_notification_unread_count" time="0.441" /><testcase classname="backend.tests.test_notifications_pricing.TestNotificationsAPI" name="test_notification_mark_read" time="0.448" /><testcase classname="backend.tests.test_notifications_pricing.TestNotificationsAPI" name="test_notification_preferences_update" time="0.564" /><testcase classname="backend.tests.test_notifications_pricing.TestLandDetailWithPriceComparison" name="test_land_detail_returns_price_data" time="0.229" /><testcase classname="backend.tests.test_notifications_pricing.TestLandDetailWithPriceComparison" name="test_price_compare_endpoint" time="0.267" /><testcase classname="backend.tests.test_notifications_pricing.TestExistingFeatures" name="test_regions_endpoint" time="0.127" /><testcase classname="backend.tests.test_notifications_pricing.TestExistingFeatures" name="test_stats_endpoint" time="0.116" /><testcase classname="backend.tests.test_notifications_pricing.TestExistingFeatures" name="test_lands_list" time="0.098" /><testcase classname="backend.tests.test_notifications_pricing.TestExistingFeatures" name="test_feedback_endpoint" time="0.102" /><testcase classname="backend.tests.test_notifications_pricing.TestExistingFeatures" name="test_neighborhood_prices" time="0.125" /></testsuite></testsuites>