<?xml version="1.0" encoding="utf-8"?><testsuites name="pytest tests"><testsuite name="pytest" errors="0" failures="0" skipped="0" tests="23" time="5.479" timestamp="2026-04-05T22:25:42.171877+00:00" hostname="agent-env-e33290a5-a101-443d-b9dc-82537c34dae5"><testcase classname="backend.tests.test_new_features_iter8.TestAPIHealth" name="test_api_root" time="0.265" /><testcase classname="backend.tests.test_new_features_iter8.TestAuthentication" name="test_admin_login" time="0.354" /><testcase classname="backend.tests.test_new_features_iter8.TestAuthentication" name="test_invalid_login" time="0.118" /><testcase classname="backend.tests.test_new_features_iter8.TestMarketTrends" name="test_market_trends_default" time="0.107" /><testcase classname="backend.tests.test_new_features_iter8.TestMarketTrends" name="test_market_trends_with_region_filter" time="0.140" /><testcase classname="backend.tests.test_new_features_iter8.TestMarketTrends" name="test_market_trends_with_land_type_filter" time="0.104" /><testcase classname="backend.tests.test_new_features_iter8.TestMarketTrends" name="test_market_trends_with_months_filter" time="0.108" /><testcase classname="backend.tests.test_new_features_iter8.TestMarketTrends" name="test_market_trends_combined_filters" time="0.124" /><testcase classname="backend.tests.test_new_features_iter8.TestLandComparison" name="test_compare_lands_success" time="0.249" /><testcase classname="backend.tests.test_new_features_iter8.TestLandComparison" name="test_compare_lands_with_three" time="0.216" /><testcase classname="backend.tests.test_new_features_iter8.TestLandComparison" name="test_compare_lands_minimum_required" time="0.110" /><testcase classname="backend.tests.test_new_features_iter8.TestLandComparison" name="test_compare_lands_maximum_limit" time="0.141" /><testcase classname="backend.tests.test_new_features_iter8.TestLandComparison" name="test_compare_lands_invalid_ids" time="0.110" /><testcase classname="backend.tests.test_new_features_iter8.TestSavedSearches" name="test_save_search" time="0.448" /><testcase classname="backend.tests.test_new_features_iter8.TestSavedSearches" name="test_save_search_requires_auth" time="0.147" /><testcase classname="backend.tests.test_new_features_iter8.TestSavedSearches" name="test_get_saved_searches" time="0.449" /><testcase classname="backend.tests.test_new_features_iter8.TestSavedSearches" name="test_get_saved_searches_requires_auth" time="0.102" /><testcase classname="backend.tests.test_new_features_iter8.TestSavedSearches" name="test_delete_saved_search" time="0.548" /><testcase classname="backend.tests.test_new_features_iter8.TestSavedSearches" name="test_execute_saved_search" time="0.535" /><testcase classname="backend.tests.test_new_features_iter8.TestRegionsAndStats" name="test_get_regions" time="0.111" /><testcase classname="backend.tests.test_new_features_iter8.TestRegionsAndStats" name="test_get_stats" time="0.124" /><testcase classname="backend.tests.test_new_features_iter8.TestRegionsAndStats" name="test_get_lands" time="0.102" /><testcase classname="backend.tests.test_new_features_iter8.TestCleanup" name="test_cleanup_test_searches" time="0.681" /></testsuite></testsuites>