<?xml version="1.0" encoding="utf-8"?><testsuites name="pytest tests"><testsuite name="pytest" errors="0" failures="0" skipped="0" tests="29" time="6.686" timestamp="2026-03-31T19:16:50.932859+00:00" hostname="agent-env-e33290a5-a101-443d-b9dc-82537c34dae5"><testcase classname="backend.tests.test_new_features.TestHealthAndBasics" name="test_api_root" time="0.404" /><testcase classname="backend.tests.test_new_features.TestHealthAndBasics" name="test_regions_endpoint" time="0.115" /><testcase classname="backend.tests.test_new_features.TestHealthAndBasics" name="test_stats_endpoint" time="0.164" /><testcase classname="backend.tests.test_new_features.TestAuthentication" name="test_admin_login_success" time="0.351" /><testcase classname="backend.tests.test_new_features.TestAuthentication" name="test_login_invalid_credentials" time="0.138" /><testcase classname="backend.tests.test_new_features.TestFeedbackSystem" name="test_get_feedback_list" time="0.121" /><testcase classname="backend.tests.test_new_features.TestFeedbackSystem" name="test_submit_feedback_suggestion" time="0.205" /><testcase classname="backend.tests.test_new_features.TestFeedbackSystem" name="test_submit_feedback_bug" time="0.112" /><testcase classname="backend.tests.test_new_features.TestFeedbackSystem" name="test_submit_feedback_complaint" time="0.195" /><testcase classname="backend.tests.test_new_features.TestNeighborhoodPrices" name="test_get_neighborhood_prices" time="0.106" /><testcase classname="backend.tests.test_new_features.TestNeighborhoodPrices" name="test_get_neighborhood_prices_by_region" time="0.130" /><testcase classname="backend.tests.test_new_features.TestNeighborhoodPrices" name="test_get_neighborhood_prices_by_commune" time="0.116" /><testcase classname="backend.tests.test_new_features.TestNeighborhoodPrices" name="test_create_neighborhood_price_requires_auth" time="0.111" /><testcase classname="backend.tests.test_new_features.TestNeighborhoodPrices" name="test_create_neighborhood_price_with_admin" time="0.547" /><testcase classname="backend.tests.test_new_features.TestPriceComparison" name="test_price_comparison_endpoint" time="0.226" /><testcase classname="backend.tests.test_new_features.TestPriceComparison" name="test_price_comparison_nonexistent_land" time="0.132" /><testcase classname="backend.tests.test_new_features.TestReviewsSystem" name="test_get_user_reviews" time="0.153" /><testcase classname="backend.tests.test_new_features.TestReviewsSystem" name="test_get_transaction_reviews" time="0.114" /><testcase classname="backend.tests.test_new_features.TestReviewsSystem" name="test_create_review_requires_auth" time="0.159" /><testcase classname="backend.tests.test_new_features.TestMultiLevelVerification" name="test_get_land_verifications" time="0.250" /><testcase classname="backend.tests.test_new_features.TestMultiLevelVerification" name="test_verify_land_requires_admin_role" time="0.267" /><testcase classname="backend.tests.test_new_features.TestMultiLevelVerification" name="test_verify_land_with_admin" time="0.640" /><testcase classname="backend.tests.test_new_features.TestLandsAPI" name="test_get_lands_list" time="0.164" /><testcase classname="backend.tests.test_new_features.TestLandsAPI" name="test_get_lands_with_filters" time="0.115" /><testcase classname="backend.tests.test_new_features.TestLandsAPI" name="test_get_single_land" time="0.287" /><testcase classname="backend.tests.test_new_features.TestLandsAPI" name="test_get_nonexistent_land" time="0.126" /><testcase classname="backend.tests.test_new_features.TestAdminEndpoints" name="test_admin_dashboard_requires_auth" time="0.152" /><testcase classname="backend.tests.test_new_features.TestAdminEndpoints" name="test_admin_dashboard_with_admin" time="0.508" /><testcase classname="backend.tests.test_new_features.TestAdminEndpoints" name="test_admin_feedback_stats" time="0.472" /></testsuite></testsuites>