<?xml version="1.0" encoding="utf-8"?><testsuites name="pytest tests"><testsuite name="pytest" errors="0" failures="0" skipped="0" tests="17" time="4.928" timestamp="2026-04-05T23:15:51.350079+00:00" hostname="agent-env-e33290a5-a101-443d-b9dc-82537c34dae5"><testcase classname="backend.tests.test_qr_zone_alerts_iter9.TestAPIHealth" name="test_api_root" time="0.292" /><testcase classname="backend.tests.test_qr_zone_alerts_iter9.TestAuthentication" name="test_login_buyer2" time="0.350" /><testcase classname="backend.tests.test_qr_zone_alerts_iter9.TestAuthentication" name="test_login_admin" time="0.330" /><testcase classname="backend.tests.test_qr_zone_alerts_iter9.TestQRCodeGeneration" name="test_qrcode_endpoint_returns_png" time="0.146" /><testcase classname="backend.tests.test_qr_zone_alerts_iter9.TestQRCodeGeneration" name="test_qrcode_with_custom_size" time="0.148" /><testcase classname="backend.tests.test_qr_zone_alerts_iter9.TestQRCodeGeneration" name="test_qrcode_invalid_land_returns_404" time="0.104" /><testcase classname="backend.tests.test_qr_zone_alerts_iter9.TestQRCodeGeneration" name="test_qrcode_download_endpoint" time="0.176" /><testcase classname="backend.tests.test_qr_zone_alerts_iter9.TestQRCodeGeneration" name="test_qrcode_download_with_info" time="0.151" /><testcase classname="backend.tests.test_qr_zone_alerts_iter9.TestQRCodeGeneration" name="test_qrcode_download_without_info" time="0.147" /><testcase classname="backend.tests.test_qr_zone_alerts_iter9.TestZoneAlertsCRUD" name="test_create_zone_alert" time="0.374" /><testcase classname="backend.tests.test_qr_zone_alerts_iter9.TestZoneAlertsCRUD" name="test_get_zone_alerts" time="0.377" /><testcase classname="backend.tests.test_qr_zone_alerts_iter9.TestZoneAlertsCRUD" name="test_update_zone_alert" time="0.479" /><testcase classname="backend.tests.test_qr_zone_alerts_iter9.TestZoneAlertsCRUD" name="test_delete_zone_alert" time="0.524" /><testcase classname="backend.tests.test_qr_zone_alerts_iter9.TestZoneAlertsCRUD" name="test_zone_alert_requires_auth" time="0.186" /><testcase classname="backend.tests.test_qr_zone_alerts_iter9.TestZoneAlertsCRUD" name="test_zone_alert_create_requires_region" time="0.389" /><testcase classname="backend.tests.test_qr_zone_alerts_iter9.TestSMSStatus" name="test_sms_status_endpoint" time="0.165" /><testcase classname="backend.tests.test_qr_zone_alerts_iter9.TestLandExists" name="test_sample_land_exists" time="0.516" /></testsuite></testsuites>